<?xml version="1.0" encoding="UTF-8"?>
<!-- Generated by org.testng.reporters.JUnitReportReporter -->
<testsuite hostname="LTIN558239" failures="0" tests="4" name="testCase.TC_001_NearBy_Hospital" time="36.517" errors="0" timestamp="2024-11-07T00:42:26 IST" skipped="0">
  <testcase classname="testCase.TC_001_NearBy_Hospital" name="validationgPagePractoPage" time="0.016"/>
  <system-out/>
  <testcase classname="testCase.TC_001_NearBy_Hospital" name="SearchAllHospetial" time="3.123"/>
  <system-out/>
  <testcase classname="testCase.TC_001_NearBy_Hospital" name="SelectLocation" time="0.858"/>
  <system-out/>
  <testcase classname="testCase.TC_001_NearBy_Hospital" name="getHospitalListWithGivenFacilities" time="32.520"/>
  <system-out/>
</testsuite> <!-- testCase.TC_001_NearBy_Hospital -->
