<?xml version="1.0" encoding="UTF-8"?>
<!-- Generated by org.testng.reporters.JUnitReportReporter -->
<testsuite hostname="LTIN558239" failures="0" tests="2" name="testCase.TC_002_GetDiagnosticsCenterCityName" time="6.031" errors="0" timestamp="2024-11-07T00:50:22 IST" skipped="0">
  <testcase classname="testCase.TC_002_GetDiagnosticsCenterCityName" name="ValidatingSurgeriPage" time="0.809"/>
  <system-out/>
  <testcase classname="testCase.TC_002_GetDiagnosticsCenterCityName" name="getMainCityNamesofDiagnosticsCenter" time="5.222"/>
  <system-out/>
</testsuite> <!-- testCase.TC_002_GetDiagnosticsCenterCityName -->
