<?xml version="1.0" encoding="UTF-8"?>
<!-- Generated by org.testng.reporters.JUnitReportReporter -->
<testsuite hostname="LTIN558239" failures="0" tests="2" name="testCase.TC_003_WellnessCare" time="5.363" errors="0" timestamp="2024-11-07T00:42:26 IST" skipped="0">
  <testcase classname="testCase.TC_003_WellnessCare" name="validateWellnessPage" time="0.883"/>
  <system-out/>
  <testcase classname="testCase.TC_003_WellnessCare" name="ScheduleDmo" time="4.480"/>
  <system-out/>
</testsuite> <!-- testCase.TC_003_WellnessCare -->
