<?xml version="1.0" encoding="UTF-8"?>
<!-- Generated by org.testng.reporters.JUnitReportReporter -->
<testsuite hostname="LTIN558239" failures="0" tests="4" name="testCase.TC_001_NearBy_Hospetial" time="58.007" errors="0" timestamp="2024-11-06T22:42:35 IST" skipped="0">
  <testcase classname="testCase.TC_001_NearBy_Hospetial" name="validationgPagePractoPage" time="0.112"/>
  <system-out/>
  <testcase classname="testCase.TC_001_NearBy_Hospetial" name="SearchAllHospetial" time="13.590"/>
  <system-out/>
  <testcase classname="testCase.TC_001_NearBy_Hospetial" name="SelectLocation" time="1.718"/>
  <system-out/>
  <testcase classname="testCase.TC_001_NearBy_Hospetial" name="getHospetialListWithGivenFecilities" time="42.587"/>
  <system-out/>
</testsuite> <!-- testCase.TC_001_NearBy_Hospetial -->
